<?xml version="1.0" encoding="UTF-8"?>
<testng-results skipped="0" failed="0" ignored="0" total="1" passed="1">
  <reporter-output>
  </reporter-output>
  <suite name="Default Suite" duration-ms="22297" started-at="2020-04-13T16:56:22Z" finished-at="2020-04-13T16:56:44Z">
    <groups>
    </groups>
    <test name="homework-maven-harrowcouncil" duration-ms="22297" started-at="2020-04-13T16:56:22Z" finished-at="2020-04-13T16:56:44Z">
      <class name="uk.gov.harrow.testsuite.BenefitTest">
        <test-method status="PASS" signature="openBrowser()[pri:0, instance:uk.gov.harrow.testsuite.BenefitTest@7a0ac6e3]" name="openBrowser" is-config="true" duration-ms="14060" started-at="2020-04-13T16:56:22Z" finished-at="2020-04-13T16:56:36Z">
          <reporter-output>
          </reporter-output>
        </test-method> <!-- openBrowser -->
        <test-method status="PASS" signature="verifyUserIsAbleToNavigateToBenefitsPage()[pri:0, instance:uk.gov.harrow.testsuite.BenefitTest@7a0ac6e3]" name="verifyUserIsAbleToNavigateToBenefitsPage" duration-ms="7385" started-at="2020-04-13T16:56:36Z" finished-at="2020-04-13T16:56:44Z">
          <reporter-output>
          </reporter-output>
        </test-method> <!-- verifyUserIsAbleToNavigateToBenefitsPage -->
        <test-method status="PASS" signature="tearDown()[pri:0, instance:uk.gov.harrow.testsuite.BenefitTest@7a0ac6e3]" name="tearDown" is-config="true" duration-ms="818" started-at="2020-04-13T16:56:44Z" finished-at="2020-04-13T16:56:44Z">
          <reporter-output>
          </reporter-output>
        </test-method> <!-- tearDown -->
      </class> <!-- uk.gov.harrow.testsuite.BenefitTest -->
    </test> <!-- homework-maven-harrowcouncil -->
  </suite> <!-- Default Suite -->
</testng-results>
